[2018-10-09 09:58:27.880] [main] [tlf,,,] [INFO ] [c.ConfigServicePropertySourceLocator:82  ] - Fetching config from server at: http://localhost:8888
[2018-10-09 09:58:28.964] [main] [tlf,,,] [WARN ] [c.ConfigServicePropertySourceLocator:136 ] - Could not locate PropertySource: I/O error on GET request for "http://localhost:8888/tlf/dev": Connection refused: connect; nested exception is java.net.ConnectException: Connection refused: connect
[2018-10-09 09:58:28.967] [main] [tlf,,,] [WARN ] [DuplicateJsonObjectContextCustomizer:85  ] - 

Found multiple occurrences of org.json.JSONObject on the class path:

	jar:file:/C:/Users/Administrator/.m2/repository/com/vaadin/external/google/android-json/0.0.20131108.vaadin1/android-json-0.0.20131108.vaadin1.jar!/org/json/JSONObject.class
	jar:file:/C:/Users/Administrator/.m2/repository/org/json/json/20140107/json-20140107.jar!/org/json/JSONObject.class

You may wish to exclude one of them to ensure predictable runtime behaviour

[2018-10-09 09:58:28.971] [main] [tlf,,,] [INFO ] [c.d.p.c.s.s.repository.FileRepoTest :597 ] - The following profiles are active: dev
[2018-10-09 09:58:28.974] [main] [tlf,,,] [INFO ] [s.w.c.s.GenericWebApplicationContext:583 ] - Refreshing org.springframework.web.context.support.GenericWebApplicationContext@49a71302: startup date [Tue Oct 09 09:58:28 CST 2018]; parent: org.springframework.context.annotation.AnnotationConfigApplicationContext@291a7e3c
[2018-10-09 09:58:30.318] [main] [tlf,,,] [INFO ] [o.s.i.config.IntegrationRegistrar   :330 ] - No bean named 'integrationHeaderChannelRegistry' has been explicitly defined. Therefore, a default DefaultHeaderChannelRegistry will be created.
[2018-10-09 09:58:30.711] [main] [tlf,,,] [INFO ] [.r.c.RepositoryConfigurationDelegate:165 ] - Multiple Spring Data modules found, entering strict repository configuration mode!
[2018-10-09 09:58:30.861] [main] [tlf,,,] [INFO ] [.r.c.RepositoryConfigurationDelegate:165 ] - Multiple Spring Data modules found, entering strict repository configuration mode!
[2018-10-09 09:58:30.939] [main] [tlf,,,] [INFO ] [ositoryConfigurationExtensionSupport:270 ] - Spring Data Redis - Could not safely identify store assignment for repository candidate interface com.delicloud.platform.cloud.storage.server.repository.FileRepo.
[2018-10-09 09:58:30.942] [main] [tlf,,,] [INFO ] [ositoryConfigurationExtensionSupport:270 ] - Spring Data Redis - Could not safely identify store assignment for repository candidate interface com.delicloud.platform.cloud.storage.server.repository.UploadRepo.
[2018-10-09 09:58:30.943] [main] [tlf,,,] [INFO ] [ositoryConfigurationExtensionSupport:270 ] - Spring Data Redis - Could not safely identify store assignment for repository candidate interface com.delicloud.platform.cloud.storage.server.repository.IndexRepo.
[2018-10-09 09:58:30.943] [main] [tlf,,,] [INFO ] [ositoryConfigurationExtensionSupport:270 ] - Spring Data Redis - Could not safely identify store assignment for repository candidate interface com.delicloud.platform.cloud.storage.server.repository.PdfRepo.
[2018-10-09 09:58:30.944] [main] [tlf,,,] [INFO ] [ositoryConfigurationExtensionSupport:270 ] - Spring Data Redis - Could not safely identify store assignment for repository candidate interface com.delicloud.platform.cloud.storage.server.repository.UserRepo.
[2018-10-09 09:58:31.547] [main] [tlf,,,] [INFO ] [o.s.cloud.context.scope.GenericScope:263 ] - BeanFactory id=206812ec-dd2a-36f7-9a59-858fb7d771b2
[2018-10-09 09:58:31.617] [main] [tlf,,,] [INFO ] [tConfiguringBeanFactoryPostProcessor:130 ] - No bean named 'errorChannel' has been explicitly defined. Therefore, a default PublishSubscribeChannel will be created.
[2018-10-09 09:58:31.622] [main] [tlf,,,] [INFO ] [tConfiguringBeanFactoryPostProcessor:158 ] - No bean named 'taskScheduler' has been explicitly defined. Therefore, a default ThreadPoolTaskScheduler will be created.
[2018-10-09 09:58:31.650] [main] [tlf,,,] [INFO ] [AutowiredAnnotationBeanPostProcessor:155 ] - JSR-330 'javax.inject.Inject' annotation found and supported for autowiring
[2018-10-09 09:58:31.740] [main] [tlf,,,] [INFO ] [ionDelegate$BeanPostProcessorChecker:325 ] - Bean 'com.delicloud.platform.cloudapp.client.impl.CloudAppClient' of type [org.springframework.cloud.netflix.feign.FeignClientFactoryBean] is not eligible for getting processed by all BeanPostProcessors (for example: not eligible for auto-proxying)
[2018-10-09 09:58:31.774] [main] [tlf,,,] [INFO ] [ionDelegate$BeanPostProcessorChecker:325 ] - Bean 'org.springframework.cloud.sleuth.instrument.async.AsyncDefaultAutoConfiguration$DefaultAsyncConfigurerSupport' of type [org.springframework.cloud.sleuth.instrument.async.AsyncDefaultAutoConfiguration$DefaultAsyncConfigurerSupport$$EnhancerBySpringCGLIB$$4f1a8252] is not eligible for getting processed by all BeanPostProcessors (for example: not eligible for auto-proxying)
[2018-10-09 09:58:31.880] [main] [tlf,,,] [INFO ] [ionDelegate$BeanPostProcessorChecker:325 ] - Bean 'org.springframework.amqp.rabbit.annotation.RabbitBootstrapConfiguration' of type [org.springframework.amqp.rabbit.annotation.RabbitBootstrapConfiguration$$EnhancerBySpringCGLIB$$d844a2bd] is not eligible for getting processed by all BeanPostProcessors (for example: not eligible for auto-proxying)
[2018-10-09 09:58:32.029] [main] [tlf,,,] [INFO ] [ionDelegate$BeanPostProcessorChecker:325 ] - Bean 'org.springframework.cloud.sleuth.annotation.SleuthAnnotationAutoConfiguration' of type [org.springframework.cloud.sleuth.annotation.SleuthAnnotationAutoConfiguration$$EnhancerBySpringCGLIB$$143e2ac1] is not eligible for getting processed by all BeanPostProcessors (for example: not eligible for auto-proxying)
[2018-10-09 09:58:32.370] [main] [tlf,,,] [INFO ] [ionDelegate$BeanPostProcessorChecker:325 ] - Bean 'sleuthAdvisorConfig' of type [org.springframework.cloud.sleuth.annotation.SleuthAdvisorConfig] is not eligible for getting processed by all BeanPostProcessors (for example: not eligible for auto-proxying)
[2018-10-09 09:58:32.421] [main] [tlf,,,] [INFO ] [ionDelegate$BeanPostProcessorChecker:325 ] - Bean 'org.springframework.transaction.annotation.ProxyTransactionManagementConfiguration' of type [org.springframework.transaction.annotation.ProxyTransactionManagementConfiguration$$EnhancerBySpringCGLIB$$11d8e48f] is not eligible for getting processed by all BeanPostProcessors (for example: not eligible for auto-proxying)
